c:\users\gerso\desktop\gestioncursos\gestioncursosnet\gestioncursosnet\debug\vc141.pdb
c:\users\gerso\desktop\gestioncursos\gestioncursosnet\gestioncursosnet\debug\nuevostipocurso.obj
c:\users\gerso\desktop\gestioncursos\gestioncursosnet\gestioncursosnet\debug\nuevossalones.obj
c:\users\gerso\desktop\gestioncursos\gestioncursosnet\gestioncursosnet\debug\nuevoscatedraticos.obj
c:\users\gerso\desktop\gestioncursos\gestioncursosnet\gestioncursosnet\debug\nuevosalumnos.obj
c:\users\gerso\desktop\gestioncursos\gestioncursosnet\gestioncursosnet\debug\nuevocursos.obj
c:\users\gerso\desktop\gestioncursos\gestioncursosnet\gestioncursosnet\debug\frmprincipal.obj
c:\users\gerso\desktop\gestioncursos\gestioncursosnet\gestioncursosnet\debug\cgpinstitucion.obj
c:\users\gerso\desktop\gestioncursos\gestioncursosnet\gestioncursosnet\debug\cconexion.obj
c:\users\gerso\desktop\gestioncursos\gestioncursosnet\gestioncursosnet\debug\asigsalones.obj
c:\users\gerso\desktop\gestioncursos\gestioncursosnet\gestioncursosnet\debug\asigmenu.obj
c:\users\gerso\desktop\gestioncursos\gestioncursosnet\gestioncursosnet\debug\asigcatedraticos.obj
c:\users\gerso\desktop\gestioncursos\gestioncursosnet\gestioncursosnet\debug\asigalumnos.obj
c:\users\gerso\desktop\gestioncursos\gestioncursosnet\gestioncursosnet\debug\.netframework,version=v4.6.1.assemblyattributes.obj
c:\users\gerso\desktop\gestioncursos\gestioncursosnet\gestioncursosnet\debug\.netframework,version=v4.6.1.assemblyattributes.asm
c:\users\gerso\desktop\gestioncursos\gestioncursosnet\debug\bunifu_ui_v1.5.3.dll
c:\users\gerso\desktop\gestioncursos\gestioncursosnet\debug\mysql.data.dll
c:\users\gerso\desktop\gestioncursos\gestioncursosnet\debug\google.protobuf.dll
c:\users\gerso\desktop\gestioncursos\gestioncursosnet\debug\mysql.data.xml
c:\users\gerso\desktop\gestioncursos\gestioncursosnet\gestioncursosnet\debug\gestioncursosnet.asigmenu.resources
c:\users\gerso\desktop\gestioncursos\gestioncursosnet\gestioncursosnet\debug\gestioncursosnet.frmprincipal.resources
c:\users\gerso\desktop\gestioncursos\gestioncursosnet\gestioncursosnet\debug\gestioncursosnet.nuevocursos.resources
c:\users\gerso\desktop\gestioncursos\gestioncursosnet\gestioncursosnet\debug\gestioncursosnet.nuevosalumnos.resources
c:\users\gerso\desktop\gestioncursos\gestioncursosnet\gestioncursosnet\debug\gestioncursosnet.nuevoscatedraticos.resources
c:\users\gerso\desktop\gestioncursos\gestioncursosnet\gestioncursosnet\debug\gestioncursosnet.nuevostipocurso.resources
c:\users\gerso\desktop\gestioncursos\gestioncursosnet\debug\gestioncursosnet.exe
c:\users\gerso\desktop\gestioncursos\gestioncursosnet\debug\gestioncursosnet.pdb
c:\users\gerso\desktop\gestioncursos\gestioncursosnet\gestioncursosnet\debug\gestioncursosnet.tlog\metagen.write.1.tlog
c:\users\gerso\desktop\gestioncursos\gestioncursosnet\gestioncursosnet\debug\gestioncursosnet.vcxproj.generateresource.cache
c:\users\gerso\desktop\gestioncursos\gestioncursosnet\gestioncursosnet\debug\gestioncursosnet.tlog\cl.command.1.tlog
c:\users\gerso\desktop\gestioncursos\gestioncursosnet\gestioncursosnet\debug\gestioncursosnet.tlog\cl.read.1.tlog
c:\users\gerso\desktop\gestioncursos\gestioncursosnet\gestioncursosnet\debug\gestioncursosnet.tlog\cl.write.1.tlog
c:\users\gerso\desktop\gestioncursos\gestioncursosnet\gestioncursosnet\debug\gestioncursosnet.tlog\gestioncursosnet.write.1u.tlog
c:\users\gerso\desktop\gestioncursos\gestioncursosnet\gestioncursosnet\debug\gestioncursosnet.tlog\link.command.1.tlog
c:\users\gerso\desktop\gestioncursos\gestioncursosnet\gestioncursosnet\debug\gestioncursosnet.tlog\link.read.1.tlog
c:\users\gerso\desktop\gestioncursos\gestioncursosnet\gestioncursosnet\debug\gestioncursosnet.tlog\link.write.1.tlog
c:\users\gerso\desktop\gestioncursos\gestioncursosnet\gestioncursosnet\debug\gestioncursosnet.tlog\metagen.read.1.tlog
c:\users\gerso\desktop\gestioncursos\gestioncursosnet\gestioncursosnet\debug\gestioncursosnet.tlog\bunifu_ui_v1.5.3.dll.metagen
c:\users\gerso\desktop\gestioncursos\gestioncursosnet\gestioncursosnet\debug\gestioncursosnet.tlog\mysql.data.dll.metagen
